{"/workspace/src/App.tsx": {"path":"/workspace/src/App.tsx","statementMap":{"0":{"start":{"line":1,"column":0},"end":{"line":1,"column":39}},"1":{"start":{"line":2,"column":0},"end":{"line":2,"column":50}},"2":{"start":{"line":3,"column":0},"end":{"line":3,"column":62}},"3":{"start":{"line":4,"column":0},"end":{"line":4,"column":65}},"4":{"start":{"line":5,"column":0},"end":{"line":5,"column":51}},"5":{"start":{"line":7,"column":29},"end":{"line":51,"column":1}},"6":{"start":{"line":8,"column":42},"end":{"line":8,"column":57}},"7":{"start":{"line":9,"column":38},"end":{"line":9,"column":67}},"8":{"start":{"line":10,"column":34},"end":{"line":10,"column":63}},"9":{"start":{"line":13,"column":27},"end":{"line":13,"column":29}},"10":{"start":{"line":15,"column":23},"end":{"line":18,"column":3}},"11":{"start":{"line":16,"column":4},"end":{"line":16,"column":null}},"12":{"start":{"line":17,"column":4},"end":{"line":17,"column":null}},"13":{"start":{"line":20,"column":22},"end":{"line":22,"column":3}},"14":{"start":{"line":21,"column":4},"end":{"line":21,"column":null}},"15":{"start":{"line":24,"column":21},"end":{"line":35,"column":3}},"16":{"start":{"line":25,"column":4},"end":{"line":25,"column":40}},"17":{"start":{"line":25,"column":34},"end":{"line":25,"column":40}},"18":{"start":{"line":26,"column":21},"end":{"line":26,"column":42}},"19":{"start":{"line":27,"column":24},"end":{"line":27,"column":51}},"20":{"start":{"line":28,"column":25},"end":{"line":28,"column":53}},"21":{"start":{"line":30,"column":4},"end":{"line":34,"column":5}},"22":{"start":{"line":31,"column":6},"end":{"line":31,"column":null}},"23":{"start":{"line":32,"column":11},"end":{"line":34,"column":5}},"24":{"start":{"line":33,"column":6},"end":{"line":33,"column":null}},"25":{"start":{"line":37,"column":2},"end":{"line":50,"column":null}},"26":{"start":{"line":47,"column":39},"end":{"line":47,"column":66}},"27":{"start":{"line":53,"column":22},"end":{"line":60,"column":1}},"28":{"start":{"line":54,"column":2},"end":{"line":59,"column":null}},"29":{"start":{"line":62,"column":0},"end":{"line":62,"column":null}}},"fnMap":{"0":{"name":"(anonymous_0)","decl":{"start":{"line":7,"column":29},"end":{"line":7,"column":32}},"loc":{"start":{"line":7,"column":34},"end":{"line":51,"column":1}}},"1":{"name":"(anonymous_1)","decl":{"start":{"line":15,"column":23},"end":{"line":15,"column":24}},"loc":{"start":{"line":15,"column":47},"end":{"line":18,"column":3}}},"2":{"name":"(anonymous_2)","decl":{"start":{"line":20,"column":22},"end":{"line":20,"column":23}},"loc":{"start":{"line":20,"column":46},"end":{"line":22,"column":3}}},"3":{"name":"(anonymous_3)","decl":{"start":{"line":24,"column":21},"end":{"line":24,"column":24}},"loc":{"start":{"line":24,"column":26},"end":{"line":35,"column":3}}},"4":{"name":"(anonymous_4)","decl":{"start":{"line":47,"column":33},"end":{"line":47,"column":36}},"loc":{"start":{"line":47,"column":39},"end":{"line":47,"column":66}}},"5":{"name":"(anonymous_5)","decl":{"start":{"line":53,"column":22},"end":{"line":53,"column":25}},"loc":{"start":{"line":53,"column":27},"end":{"line":60,"column":1}}}},"branchMap":{"0":{"loc":{"start":{"line":25,"column":4},"end":{"line":25,"column":40}},"type":"if","locations":[{"start":{"line":25,"column":4},"end":{"line":25,"column":40}},{"start":{},"end":{}}]},"1":{"loc":{"start":{"line":25,"column":8},"end":{"line":25,"column":32}},"type":"binary-expr","locations":[{"start":{"line":25,"column":8},"end":{"line":25,"column":19}},{"start":{"line":25,"column":23},"end":{"line":25,"column":32}}]},"2":{"loc":{"start":{"line":30,"column":4},"end":{"line":34,"column":5}},"type":"if","locations":[{"start":{"line":30,"column":4},"end":{"line":34,"column":5}},{"start":{"line":32,"column":11},"end":{"line":34,"column":5}}]},"3":{"loc":{"start":{"line":30,"column":8},"end":{"line":30,"column":50}},"type":"binary-expr","locations":[{"start":{"line":30,"column":8},"end":{"line":30,"column":19}},{"start":{"line":30,"column":23},"end":{"line":30,"column":50}}]},"4":{"loc":{"start":{"line":32,"column":11},"end":{"line":34,"column":5}},"type":"if","locations":[{"start":{"line":32,"column":11},"end":{"line":34,"column":5}},{"start":{},"end":{}}]},"5":{"loc":{"start":{"line":32,"column":15},"end":{"line":32,"column":59}},"type":"binary-expr","locations":[{"start":{"line":32,"column":15},"end":{"line":32,"column":27}},{"start":{"line":32,"column":31},"end":{"line":32,"column":59}}]},"6":{"loc":{"start":{"line":44,"column":7},"end":{"line":47,"column":null}},"type":"cond-expr","locations":[{"start":{"line":45,"column":8},"end":{"line":45,"column":21}},{"start":{"line":47,"column":8},"end":{"line":47,"column":70}}]}},"s":{"0":1,"1":1,"2":1,"3":1,"4":1,"5":1,"6":2,"7":2,"8":2,"9":2,"10":2,"11":0,"12":0,"13":2,"14":0,"15":2,"16":0,"17":0,"18":0,"19":0,"20":0,"21":0,"22":0,"23":0,"24":0,"25":2,"26":0,"27":1,"28":2,"29":1},"f":{"0":2,"1":0,"2":0,"3":0,"4":0,"5":2},"b":{"0":[0,0],"1":[0,0],"2":[0,0],"3":[0,0],"4":[0,0],"5":[0,0],"6":[0,2]}}
,"/workspace/src/components/BrowserLink.tsx": {"path":"/workspace/src/components/BrowserLink.tsx","statementMap":{"0":{"start":{"line":8,"column":44},"end":{"line":19,"column":1}},"1":{"start":{"line":9,"column":2},"end":{"line":18,"column":null}}},"fnMap":{"0":{"name":"(anonymous_0)","decl":{"start":{"line":8,"column":44},"end":{"line":8,"column":45}},"loc":{"start":{"line":8,"column":139},"end":{"line":19,"column":1}}}},"branchMap":{"0":{"loc":{"start":{"line":8,"column":52},"end":{"line":8,"column":133}},"type":"default-arg","locations":[{"start":{"line":8,"column":64},"end":{"line":8,"column":133}}]}},"s":{"0":0,"1":0},"f":{"0":0},"b":{"0":[0]}}
,"/workspace/src/components/Landmarks.tsx": {"path":"/workspace/src/components/Landmarks.tsx","statementMap":{"0":{"start":{"line":14,"column":35},"end":{"line":149,"column":1}},"1":{"start":{"line":23,"column":6},"end":{"line":23,"column":21}},"2":{"start":{"line":25,"column":23},"end":{"line":27,"column":3}},"3":{"start":{"line":26,"column":4},"end":{"line":26,"column":null}},"4":{"start":{"line":29,"column":22},"end":{"line":39,"column":3}},"5":{"start":{"line":30,"column":4},"end":{"line":38,"column":5}},"6":{"start":{"line":32,"column":8},"end":{"line":32,"column":null}},"7":{"start":{"line":34,"column":8},"end":{"line":34,"column":null}},"8":{"start":{"line":37,"column":8},"end":{"line":37,"column":null}},"9":{"start":{"line":41,"column":2},"end":{"line":46,"column":null}},"10":{"start":{"line":42,"column":4},"end":{"line":45,"column":5}},"11":{"start":{"line":43,"column":18},"end":{"line":43,"column":82}},"12":{"start":{"line":44,"column":6},"end":{"line":44,"column":null}},"13":{"start":{"line":48,"column":33},"end":{"line":50,"column":3}},"14":{"start":{"line":49,"column":4},"end":{"line":49,"column":null}},"15":{"start":{"line":52,"column":2},"end":{"line":148,"column":null}},"16":{"start":{"line":61,"column":29},"end":{"line":61,"column":62}},"17":{"start":{"line":72,"column":29},"end":{"line":72,"column":62}},"18":{"start":{"line":83,"column":29},"end":{"line":83,"column":62}},"19":{"start":{"line":99,"column":31},"end":{"line":99,"column":80}},"20":{"start":{"line":99,"column":54},"end":{"line":99,"column":79}},"21":{"start":{"line":100,"column":14},"end":{"line":100,"column":null}},"22":{"start":{"line":100,"column":28},"end":{"line":100,"column":null}},"23":{"start":{"line":107,"column":14},"end":{"line":107,"column":38}},"24":{"start":{"line":122,"column":27},"end":{"line":122,"column":55}},"25":{"start":{"line":137,"column":25},"end":{"line":137,"column":53}}},"fnMap":{"0":{"name":"(anonymous_0)","decl":{"start":{"line":14,"column":35},"end":{"line":14,"column":38}},"loc":{"start":{"line":14,"column":40},"end":{"line":149,"column":1}}},"1":{"name":"(anonymous_1)","decl":{"start":{"line":25,"column":23},"end":{"line":25,"column":24}},"loc":{"start":{"line":25,"column":45},"end":{"line":27,"column":3}}},"2":{"name":"(anonymous_2)","decl":{"start":{"line":29,"column":22},"end":{"line":29,"column":23}},"loc":{"start":{"line":29,"column":79},"end":{"line":39,"column":3}}},"3":{"name":"(anonymous_3)","decl":{"start":{"line":41,"column":12},"end":{"line":41,"column":15}},"loc":{"start":{"line":41,"column":17},"end":{"line":46,"column":3}}},"4":{"name":"(anonymous_4)","decl":{"start":{"line":48,"column":33},"end":{"line":48,"column":34}},"loc":{"start":{"line":48,"column":71},"end":{"line":50,"column":3}}},"5":{"name":"(anonymous_5)","decl":{"start":{"line":61,"column":23},"end":{"line":61,"column":26}},"loc":{"start":{"line":61,"column":29},"end":{"line":61,"column":62}}},"6":{"name":"(anonymous_6)","decl":{"start":{"line":72,"column":23},"end":{"line":72,"column":26}},"loc":{"start":{"line":72,"column":29},"end":{"line":72,"column":62}}},"7":{"name":"(anonymous_7)","decl":{"start":{"line":83,"column":23},"end":{"line":83,"column":26}},"loc":{"start":{"line":83,"column":29},"end":{"line":83,"column":62}}},"8":{"name":"(anonymous_8)","decl":{"start":{"line":98,"column":22},"end":{"line":98,"column":23}},"loc":{"start":{"line":98,"column":28},"end":{"line":101,"column":13}}},"9":{"name":"(anonymous_9)","decl":{"start":{"line":99,"column":49},"end":{"line":99,"column":50}},"loc":{"start":{"line":99,"column":54},"end":{"line":99,"column":79}}},"10":{"name":"(anonymous_10)","decl":{"start":{"line":106,"column":30},"end":{"line":106,"column":34}},"loc":{"start":{"line":107,"column":14},"end":{"line":107,"column":38}}},"11":{"name":"(anonymous_11)","decl":{"start":{"line":122,"column":21},"end":{"line":122,"column":24}},"loc":{"start":{"line":122,"column":27},"end":{"line":122,"column":55}}},"12":{"name":"(anonymous_12)","decl":{"start":{"line":137,"column":19},"end":{"line":137,"column":22}},"loc":{"start":{"line":137,"column":25},"end":{"line":137,"column":53}}}},"branchMap":{"0":{"loc":{"start":{"line":30,"column":4},"end":{"line":38,"column":5}},"type":"switch","locations":[{"start":{"line":31,"column":6},"end":{"line":32,"column":null}},{"start":{"line":33,"column":6},"end":{"line":34,"column":null}},{"start":{"line":35,"column":6},"end":{"line":35,"column":21}},{"start":{"line":36,"column":6},"end":{"line":37,"column":null}}]},"1":{"loc":{"start":{"line":42,"column":4},"end":{"line":45,"column":5}},"type":"if","locations":[{"start":{"line":42,"column":4},"end":{"line":45,"column":5}},{"start":{},"end":{}}]},"2":{"loc":{"start":{"line":63,"column":16},"end":{"line":65,"column":null}},"type":"cond-expr","locations":[{"start":{"line":64,"column":20},"end":{"line":64,"column":66}},{"start":{"line":65,"column":20},"end":{"line":65,"column":null}}]},"3":{"loc":{"start":{"line":74,"column":16},"end":{"line":76,"column":null}},"type":"cond-expr","locations":[{"start":{"line":75,"column":20},"end":{"line":75,"column":66}},{"start":{"line":76,"column":20},"end":{"line":76,"column":null}}]},"4":{"loc":{"start":{"line":85,"column":16},"end":{"line":87,"column":null}},"type":"cond-expr","locations":[{"start":{"line":86,"column":20},"end":{"line":86,"column":66}},{"start":{"line":87,"column":20},"end":{"line":87,"column":null}}]},"5":{"loc":{"start":{"line":100,"column":14},"end":{"line":100,"column":null}},"type":"if","locations":[{"start":{"line":100,"column":14},"end":{"line":100,"column":null}},{"start":{},"end":{}}]},"6":{"loc":{"start":{"line":102,"column":19},"end":{"line":102,"column":60}},"type":"binary-expr","locations":[{"start":{"line":102,"column":19},"end":{"line":102,"column":54}},{"start":{"line":102,"column":58},"end":{"line":102,"column":60}}]},"7":{"loc":{"start":{"line":111,"column":11},"end":{"line":117,"column":null}},"type":"binary-expr","locations":[{"start":{"line":111,"column":11},"end":{"line":111,"column":24}},{"start":{"line":112,"column":12},"end":{"line":116,"column":null}}]}},"s":{"0":0,"1":0,"2":0,"3":0,"4":0,"5":0,"6":0,"7":0,"8":0,"9":0,"10":0,"11":0,"12":0,"13":0,"14":0,"15":0,"16":0,"17":0,"18":0,"19":0,"20":0,"21":0,"22":0,"23":0,"24":0,"25":0},"f":{"0":0,"1":0,"2":0,"3":0,"4":0,"5":0,"6":0,"7":0,"8":0,"9":0,"10":0,"11":0,"12":0},"b":{"0":[0,0,0,0],"1":[0,0],"2":[0,0],"3":[0,0],"4":[0,0],"5":[0,0],"6":[0,0],"7":[0,0]}}
,"/workspace/src/components/QRCodeDisplay.tsx": {"path":"/workspace/src/components/QRCodeDisplay.tsx","statementMap":{"0":{"start":{"line":9,"column":46},"end":{"line":17,"column":1}},"1":{"start":{"line":10,"column":2},"end":{"line":16,"column":null}}},"fnMap":{"0":{"name":"(anonymous_0)","decl":{"start":{"line":9,"column":46},"end":{"line":9,"column":47}},"loc":{"start":{"line":9,"column":70},"end":{"line":17,"column":1}}}},"branchMap":{"0":{"loc":{"start":{"line":9,"column":54},"end":{"line":9,"column":64}},"type":"default-arg","locations":[{"start":{"line":9,"column":61},"end":{"line":9,"column":64}}]}},"s":{"0":0,"1":0},"f":{"0":0},"b":{"0":[0]}}
,"/workspace/src/components/TrailheadFinder.tsx": {"path":"/workspace/src/components/TrailheadFinder.tsx","statementMap":{"0":{"start":{"line":18,"column":48},"end":{"line":180,"column":1}},"1":{"start":{"line":28,"column":6},"end":{"line":28,"column":21}},"2":{"start":{"line":30,"column":23},"end":{"line":32,"column":3}},"3":{"start":{"line":31,"column":4},"end":{"line":31,"column":null}},"4":{"start":{"line":34,"column":22},"end":{"line":44,"column":3}},"5":{"start":{"line":35,"column":4},"end":{"line":43,"column":5}},"6":{"start":{"line":37,"column":8},"end":{"line":37,"column":null}},"7":{"start":{"line":39,"column":8},"end":{"line":39,"column":null}},"8":{"start":{"line":42,"column":8},"end":{"line":42,"column":null}},"9":{"start":{"line":46,"column":2},"end":{"line":51,"column":null}},"10":{"start":{"line":47,"column":4},"end":{"line":50,"column":5}},"11":{"start":{"line":48,"column":18},"end":{"line":48,"column":69}},"12":{"start":{"line":49,"column":6},"end":{"line":49,"column":null}},"13":{"start":{"line":53,"column":33},"end":{"line":55,"column":3}},"14":{"start":{"line":54,"column":4},"end":{"line":54,"column":null}},"15":{"start":{"line":57,"column":2},"end":{"line":179,"column":null}},"16":{"start":{"line":66,"column":29},"end":{"line":66,"column":62}},"17":{"start":{"line":77,"column":29},"end":{"line":77,"column":62}},"18":{"start":{"line":88,"column":29},"end":{"line":88,"column":62}},"19":{"start":{"line":104,"column":31},"end":{"line":104,"column":78}},"20":{"start":{"line":104,"column":52},"end":{"line":104,"column":77}},"21":{"start":{"line":105,"column":14},"end":{"line":105,"column":null}},"22":{"start":{"line":105,"column":28},"end":{"line":105,"column":null}},"23":{"start":{"line":112,"column":14},"end":{"line":112,"column":43}},"24":{"start":{"line":139,"column":31},"end":{"line":139,"column":67}}},"fnMap":{"0":{"name":"(anonymous_0)","decl":{"start":{"line":18,"column":48},"end":{"line":18,"column":49}},"loc":{"start":{"line":18,"column":63},"end":{"line":180,"column":1}}},"1":{"name":"(anonymous_1)","decl":{"start":{"line":30,"column":23},"end":{"line":30,"column":24}},"loc":{"start":{"line":30,"column":48},"end":{"line":32,"column":3}}},"2":{"name":"(anonymous_2)","decl":{"start":{"line":34,"column":22},"end":{"line":34,"column":23}},"loc":{"start":{"line":34,"column":81},"end":{"line":44,"column":3}}},"3":{"name":"(anonymous_3)","decl":{"start":{"line":46,"column":12},"end":{"line":46,"column":15}},"loc":{"start":{"line":46,"column":17},"end":{"line":51,"column":3}}},"4":{"name":"(anonymous_4)","decl":{"start":{"line":53,"column":33},"end":{"line":53,"column":34}},"loc":{"start":{"line":53,"column":70},"end":{"line":55,"column":3}}},"5":{"name":"(anonymous_5)","decl":{"start":{"line":66,"column":23},"end":{"line":66,"column":26}},"loc":{"start":{"line":66,"column":29},"end":{"line":66,"column":62}}},"6":{"name":"(anonymous_6)","decl":{"start":{"line":77,"column":23},"end":{"line":77,"column":26}},"loc":{"start":{"line":77,"column":29},"end":{"line":77,"column":62}}},"7":{"name":"(anonymous_7)","decl":{"start":{"line":88,"column":23},"end":{"line":88,"column":26}},"loc":{"start":{"line":88,"column":29},"end":{"line":88,"column":62}}},"8":{"name":"(anonymous_8)","decl":{"start":{"line":103,"column":22},"end":{"line":103,"column":23}},"loc":{"start":{"line":103,"column":28},"end":{"line":106,"column":13}}},"9":{"name":"(anonymous_9)","decl":{"start":{"line":104,"column":47},"end":{"line":104,"column":48}},"loc":{"start":{"line":104,"column":52},"end":{"line":104,"column":77}}},"10":{"name":"(anonymous_10)","decl":{"start":{"line":111,"column":28},"end":{"line":111,"column":37}},"loc":{"start":{"line":112,"column":14},"end":{"line":112,"column":43}}},"11":{"name":"(anonymous_11)","decl":{"start":{"line":139,"column":25},"end":{"line":139,"column":28}},"loc":{"start":{"line":139,"column":31},"end":{"line":139,"column":67}}}},"branchMap":{"0":{"loc":{"start":{"line":35,"column":4},"end":{"line":43,"column":5}},"type":"switch","locations":[{"start":{"line":36,"column":6},"end":{"line":37,"column":null}},{"start":{"line":38,"column":6},"end":{"line":39,"column":null}},{"start":{"line":40,"column":6},"end":{"line":40,"column":21}},{"start":{"line":41,"column":6},"end":{"line":42,"column":null}}]},"1":{"loc":{"start":{"line":47,"column":4},"end":{"line":50,"column":5}},"type":"if","locations":[{"start":{"line":47,"column":4},"end":{"line":50,"column":5}},{"start":{},"end":{}}]},"2":{"loc":{"start":{"line":68,"column":16},"end":{"line":70,"column":null}},"type":"cond-expr","locations":[{"start":{"line":69,"column":20},"end":{"line":69,"column":66}},{"start":{"line":70,"column":20},"end":{"line":70,"column":null}}]},"3":{"loc":{"start":{"line":79,"column":16},"end":{"line":81,"column":null}},"type":"cond-expr","locations":[{"start":{"line":80,"column":20},"end":{"line":80,"column":66}},{"start":{"line":81,"column":20},"end":{"line":81,"column":null}}]},"4":{"loc":{"start":{"line":90,"column":16},"end":{"line":92,"column":null}},"type":"cond-expr","locations":[{"start":{"line":91,"column":20},"end":{"line":91,"column":66}},{"start":{"line":92,"column":20},"end":{"line":92,"column":null}}]},"5":{"loc":{"start":{"line":105,"column":14},"end":{"line":105,"column":null}},"type":"if","locations":[{"start":{"line":105,"column":14},"end":{"line":105,"column":null}},{"start":{},"end":{}}]},"6":{"loc":{"start":{"line":107,"column":19},"end":{"line":107,"column":48}},"type":"binary-expr","locations":[{"start":{"line":107,"column":19},"end":{"line":107,"column":42}},{"start":{"line":107,"column":46},"end":{"line":107,"column":48}}]},"7":{"loc":{"start":{"line":118,"column":11},"end":{"line":133,"column":null}},"type":"binary-expr","locations":[{"start":{"line":118,"column":11},"end":{"line":118,"column":28}},{"start":{"line":119,"column":12},"end":{"line":132,"column":null}}]},"8":{"loc":{"start":{"line":120,"column":15},"end":{"line":123,"column":null}},"type":"binary-expr","locations":[{"start":{"line":120,"column":15},"end":{"line":120,"column":43}},{"start":{"line":120,"column":47},"end":{"line":120,"column":84}},{"start":{"line":121,"column":16},"end":{"line":122,"column":null}}]},"9":{"loc":{"start":{"line":125,"column":15},"end":{"line":128,"column":null}},"type":"binary-expr","locations":[{"start":{"line":125,"column":15},"end":{"line":125,"column":38}},{"start":{"line":125,"column":42},"end":{"line":125,"column":74}},{"start":{"line":126,"column":16},"end":{"line":127,"column":null}}]},"10":{"loc":{"start":{"line":130,"column":15},"end":{"line":131,"column":null}},"type":"binary-expr","locations":[{"start":{"line":130,"column":15},"end":{"line":130,"column":27}},{"start":{"line":131,"column":16},"end":{"line":131,"column":50}}]},"11":{"loc":{"start":{"line":136,"column":11},"end":{"line":148,"column":null}},"type":"binary-expr","locations":[{"start":{"line":136,"column":11},"end":{"line":136,"column":23}},{"start":{"line":137,"column":12},"end":{"line":147,"column":null}}]},"12":{"loc":{"start":{"line":141,"column":28},"end":{"line":141,"column":77}},"type":"cond-expr","locations":[{"start":{"line":141,"column":46},"end":{"line":141,"column":60}},{"start":{"line":141,"column":63},"end":{"line":141,"column":77}}]},"13":{"loc":{"start":{"line":145,"column":17},"end":{"line":145,"column":110}},"type":"cond-expr","locations":[{"start":{"line":145,"column":35},"end":{"line":145,"column":70}},{"start":{"line":145,"column":73},"end":{"line":145,"column":110}}]},"14":{"loc":{"start":{"line":147,"column":15},"end":{"line":147,"column":81}},"type":"binary-expr","locations":[{"start":{"line":147,"column":15},"end":{"line":147,"column":30}},{"start":{"line":147,"column":34},"end":{"line":147,"column":81}}]}},"s":{"0":0,"1":0,"2":0,"3":0,"4":0,"5":0,"6":0,"7":0,"8":0,"9":0,"10":0,"11":0,"12":0,"13":0,"14":0,"15":0,"16":0,"17":0,"18":0,"19":0,"20":0,"21":0,"22":0,"23":0,"24":0},"f":{"0":0,"1":0,"2":0,"3":0,"4":0,"5":0,"6":0,"7":0,"8":0,"9":0,"10":0,"11":0},"b":{"0":[0,0,0,0],"1":[0,0],"2":[0,0],"3":[0,0],"4":[0,0],"5":[0,0],"6":[0,0],"7":[0,0],"8":[0,0,0],"9":[0,0,0],"10":[0,0],"11":[0,0],"12":[0,0],"13":[0,0],"14":[0,0]}}
,"/workspace/src/context/AppContext.tsx": {"path":"/workspace/src/context/AppContext.tsx","statementMap":{"0":{"start":{"line":1,"column":0},"end":{"line":1,"column":66}},"1":{"start":{"line":34,"column":19},"end":{"line":34,"column":71}},"2":{"start":{"line":40,"column":55},"end":{"line":76,"column":1}},"3":{"start":{"line":41,"column":58},"end":{"line":41,"column":89}},"4":{"start":{"line":42,"column":76},"end":{"line":42,"column":110}},"5":{"start":{"line":43,"column":44},"end":{"line":43,"column":73}},"6":{"start":{"line":45,"column":56},"end":{"line":45,"column":87}},"7":{"start":{"line":46,"column":52},"end":{"line":46,"column":84}},"8":{"start":{"line":47,"column":42},"end":{"line":47,"column":71}},"9":{"start":{"line":48,"column":48},"end":{"line":48,"column":72}},"10":{"start":{"line":50,"column":40},"end":{"line":50,"column":90}},"11":{"start":{"line":52,"column":32},"end":{"line":69,"column":null}},"12":{"start":{"line":71,"column":2},"end":{"line":75,"column":null}},"13":{"start":{"line":40,"column":13},"end":{"line":40,"column":55}},"14":{"start":{"line":81,"column":29},"end":{"line":87,"column":1}},"15":{"start":{"line":82,"column":18},"end":{"line":82,"column":40}},"16":{"start":{"line":83,"column":2},"end":{"line":85,"column":3}},"17":{"start":{"line":84,"column":4},"end":{"line":84,"column":null}},"18":{"start":{"line":86,"column":2},"end":{"line":86,"column":null}},"19":{"start":{"line":81,"column":13},"end":{"line":81,"column":29}}},"fnMap":{"0":{"name":"(anonymous_0)","decl":{"start":{"line":40,"column":55},"end":{"line":40,"column":56}},"loc":{"start":{"line":40,"column":72},"end":{"line":76,"column":1}}},"1":{"name":"(anonymous_1)","decl":{"start":{"line":81,"column":29},"end":{"line":81,"column":32}},"loc":{"start":{"line":81,"column":34},"end":{"line":87,"column":1}}}},"branchMap":{"0":{"loc":{"start":{"line":83,"column":2},"end":{"line":85,"column":3}},"type":"if","locations":[{"start":{"line":83,"column":2},"end":{"line":85,"column":3}},{"start":{},"end":{}}]}},"s":{"0":1,"1":1,"2":1,"3":19,"4":19,"5":19,"6":19,"7":19,"8":19,"9":19,"10":19,"11":19,"12":19,"13":1,"14":1,"15":40,"16":40,"17":0,"18":40,"19":1},"f":{"0":19,"1":40},"b":{"0":[0,40]}}
,"/workspace/src/data/destinations.ts": {"path":"/workspace/src/data/destinations.ts","statementMap":{"0":{"start":{"line":6,"column":43},"end":{"line":24,"column":null}}},"fnMap":{},"branchMap":{},"s":{"0":0},"f":{},"b":{}}
,"/workspace/src/data/trailheads.ts": {"path":"/workspace/src/data/trailheads.ts","statementMap":{"0":{"start":{"line":10,"column":39},"end":{"line":86,"column":null}}},"fnMap":{},"branchMap":{},"s":{"0":0},"f":{},"b":{}}
,"/workspace/src/utils/buildMapUrl.ts": {"path":"/workspace/src/utils/buildMapUrl.ts","statementMap":{"0":{"start":{"line":2,"column":19},"end":{"line":5,"column":1}},"1":{"start":{"line":4,"column":2},"end":{"line":4,"column":null}},"2":{"start":{"line":8,"column":22},"end":{"line":11,"column":1}},"3":{"start":{"line":10,"column":2},"end":{"line":10,"column":null}},"4":{"start":{"line":14,"column":25},"end":{"line":23,"column":1}},"5":{"start":{"line":15,"column":16},"end":{"line":15,"column":63}},"6":{"start":{"line":16,"column":2},"end":{"line":21,"column":3}},"7":{"start":{"line":17,"column":4},"end":{"line":20,"column":null}},"8":{"start":{"line":22,"column":2},"end":{"line":22,"column":null}},"9":{"start":{"line":25,"column":41},"end":{"line":41,"column":1}},"10":{"start":{"line":26,"column":2},"end":{"line":32,"column":3}},"11":{"start":{"line":27,"column":19},"end":{"line":27,"column":42}},"12":{"start":{"line":28,"column":4},"end":{"line":31,"column":5}},"13":{"start":{"line":30,"column":6},"end":{"line":30,"column":null}},"14":{"start":{"line":34,"column":2},"end":{"line":37,"column":3}},"15":{"start":{"line":36,"column":4},"end":{"line":36,"column":null}},"16":{"start":{"line":40,"column":2},"end":{"line":40,"column":null}},"17":{"start":{"line":43,"column":41},"end":{"line":59,"column":1}},"18":{"start":{"line":44,"column":2},"end":{"line":50,"column":3}},"19":{"start":{"line":45,"column":19},"end":{"line":45,"column":42}},"20":{"start":{"line":46,"column":4},"end":{"line":49,"column":5}},"21":{"start":{"line":48,"column":6},"end":{"line":48,"column":null}},"22":{"start":{"line":52,"column":2},"end":{"line":55,"column":3}},"23":{"start":{"line":54,"column":4},"end":{"line":54,"column":null}},"24":{"start":{"line":58,"column":2},"end":{"line":58,"column":null}},"25":{"start":{"line":61,"column":47},"end":{"line":77,"column":1}},"26":{"start":{"line":62,"column":2},"end":{"line":68,"column":3}},"27":{"start":{"line":63,"column":19},"end":{"line":63,"column":42}},"28":{"start":{"line":64,"column":4},"end":{"line":67,"column":5}},"29":{"start":{"line":66,"column":6},"end":{"line":66,"column":null}},"30":{"start":{"line":70,"column":2},"end":{"line":73,"column":3}},"31":{"start":{"line":72,"column":4},"end":{"line":72,"column":null}},"32":{"start":{"line":76,"column":2},"end":{"line":76,"column":null}}},"fnMap":{"0":{"name":"(anonymous_0)","decl":{"start":{"line":2,"column":19},"end":{"line":2,"column":20}},"loc":{"start":{"line":2,"column":46},"end":{"line":5,"column":1}}},"1":{"name":"(anonymous_1)","decl":{"start":{"line":8,"column":22},"end":{"line":8,"column":23}},"loc":{"start":{"line":8,"column":49},"end":{"line":11,"column":1}}},"2":{"name":"(anonymous_2)","decl":{"start":{"line":14,"column":25},"end":{"line":14,"column":26}},"loc":{"start":{"line":14,"column":80},"end":{"line":23,"column":1}}},"3":{"name":"(anonymous_3)","decl":{"start":{"line":25,"column":41},"end":{"line":25,"column":42}},"loc":{"start":{"line":25,"column":67},"end":{"line":41,"column":1}}},"4":{"name":"(anonymous_4)","decl":{"start":{"line":43,"column":41},"end":{"line":43,"column":42}},"loc":{"start":{"line":43,"column":67},"end":{"line":59,"column":1}}},"5":{"name":"(anonymous_5)","decl":{"start":{"line":61,"column":47},"end":{"line":61,"column":48}},"loc":{"start":{"line":61,"column":73},"end":{"line":77,"column":1}}}},"branchMap":{"0":{"loc":{"start":{"line":4,"column":9},"end":{"line":4,"column":73}},"type":"binary-expr","locations":[{"start":{"line":4,"column":9},"end":{"line":4,"column":50}},{"start":{"line":4,"column":54},"end":{"line":4,"column":73}}]},"1":{"loc":{"start":{"line":16,"column":2},"end":{"line":21,"column":3}},"type":"if","locations":[{"start":{"line":16,"column":2},"end":{"line":21,"column":3}},{"start":{},"end":{}}]},"2":{"loc":{"start":{"line":26,"column":2},"end":{"line":32,"column":3}},"type":"if","locations":[{"start":{"line":26,"column":2},"end":{"line":32,"column":3}},{"start":{},"end":{}}]},"3":{"loc":{"start":{"line":28,"column":4},"end":{"line":31,"column":5}},"type":"if","locations":[{"start":{"line":28,"column":4},"end":{"line":31,"column":5}},{"start":{},"end":{}}]},"4":{"loc":{"start":{"line":34,"column":2},"end":{"line":37,"column":3}},"type":"if","locations":[{"start":{"line":34,"column":2},"end":{"line":37,"column":3}},{"start":{},"end":{}}]},"5":{"loc":{"start":{"line":44,"column":2},"end":{"line":50,"column":3}},"type":"if","locations":[{"start":{"line":44,"column":2},"end":{"line":50,"column":3}},{"start":{},"end":{}}]},"6":{"loc":{"start":{"line":46,"column":4},"end":{"line":49,"column":5}},"type":"if","locations":[{"start":{"line":46,"column":4},"end":{"line":49,"column":5}},{"start":{},"end":{}}]},"7":{"loc":{"start":{"line":52,"column":2},"end":{"line":55,"column":3}},"type":"if","locations":[{"start":{"line":52,"column":2},"end":{"line":55,"column":3}},{"start":{},"end":{}}]},"8":{"loc":{"start":{"line":62,"column":2},"end":{"line":68,"column":3}},"type":"if","locations":[{"start":{"line":62,"column":2},"end":{"line":68,"column":3}},{"start":{},"end":{}}]},"9":{"loc":{"start":{"line":64,"column":4},"end":{"line":67,"column":5}},"type":"if","locations":[{"start":{"line":64,"column":4},"end":{"line":67,"column":5}},{"start":{},"end":{}}]},"10":{"loc":{"start":{"line":70,"column":2},"end":{"line":73,"column":3}},"type":"if","locations":[{"start":{"line":70,"column":2},"end":{"line":73,"column":3}},{"start":{},"end":{}}]}},"s":{"0":0,"1":0,"2":0,"3":0,"4":0,"5":0,"6":0,"7":0,"8":0,"9":0,"10":0,"11":0,"12":0,"13":0,"14":0,"15":0,"16":0,"17":0,"18":0,"19":0,"20":0,"21":0,"22":0,"23":0,"24":0,"25":0,"26":0,"27":0,"28":0,"29":0,"30":0,"31":0,"32":0},"f":{"0":0,"1":0,"2":0,"3":0,"4":0,"5":0},"b":{"0":[0,0],"1":[0,0],"2":[0,0],"3":[0,0],"4":[0,0],"5":[0,0],"6":[0,0],"7":[0,0],"8":[0,0],"9":[0,0],"10":[0,0]}}
}
